build/app/intermediates/manifest_merge_blame_file/debug/manifest-merger-blame-debug-report.txt
1<?xml version="1.0" encoding="utf-8"?>
2<manifest xmlns:android="http://schemas.android.com/apk/res/android"
3    package="com.example.fyp_calendar_2"
4    android:versionCode="1"
5    android:versionName="1.0.0" >
6
7    <uses-sdk
8        android:minSdkVersion="22"
9        android:targetSdkVersion="32" />
10    <!--
11         The INTERNET permission is required for development. Specifically,
12         the Flutter tool needs it to communicate with the running application
13         to allow setting breakpoints, to provide hot reload, etc.
14    -->
15    <uses-permission android:name="android.permission.INTERNET" />
15-->src/debug/AndroidManifest.xml:7:5-66
15-->src/debug/AndroidManifest.xml:7:22-64
16    <uses-permission android:name="android.permission.CAMERA" />
16-->src/main/AndroidManifest.xml:3:5-65
16-->src/main/AndroidManifest.xml:3:22-62
17    <uses-permission android:name="android.permission.RECORD_AUDIO" />
17-->[:camera_android] AndroidManifest.xml:10:5-71
17-->[:camera_android] AndroidManifest.xml:10:22-68
18    <uses-permission android:name="android.permission.RECEIVE_BOOT_COMPLETED" />
18-->[:flutter_local_notifications] AndroidManifest.xml:9:5-81
18-->[:flutter_local_notifications] AndroidManifest.xml:9:22-78
19    <uses-permission android:name="android.permission.VIBRATE" />
19-->[:flutter_local_notifications] AndroidManifest.xml:10:5-66
19-->[:flutter_local_notifications] AndroidManifest.xml:10:22-63
20    <uses-permission android:name="android.permission.USE_FULL_SCREEN_INTENT" />
20-->[:flutter_local_notifications] AndroidManifest.xml:11:5-81
20-->[:flutter_local_notifications] AndroidManifest.xml:11:22-78
21    <uses-permission android:name="android.permission.SCHEDULE_EXACT_ALARM" />
21-->[:flutter_local_notifications] AndroidManifest.xml:12:5-79
21-->[:flutter_local_notifications] AndroidManifest.xml:12:22-76
22    <uses-permission android:name="android.permission.POST_NOTIFICATIONS" />
22-->[:flutter_local_notifications] AndroidManifest.xml:13:5-77
22-->[:flutter_local_notifications] AndroidManifest.xml:13:22-74
23
24    <permission
24-->[androidx.core:core:1.9.0] AndroidManifest.xml:22:5-24:47
25        android:name="com.example.fyp_calendar_2.DYNAMIC_RECEIVER_NOT_EXPORTED_PERMISSION"
25-->[androidx.core:core:1.9.0] AndroidManifest.xml:23:9-81
26        android:protectionLevel="signature" />
26-->[androidx.core:core:1.9.0] AndroidManifest.xml:24:9-44
27
28    <uses-permission android:name="com.example.fyp_calendar_2.DYNAMIC_RECEIVER_NOT_EXPORTED_PERMISSION" /> <!-- Although the *SdkVersion is captured in gradle build files, this is required for non gradle builds -->
28-->[androidx.core:core:1.9.0] AndroidManifest.xml:26:5-97
28-->[androidx.core:core:1.9.0] AndroidManifest.xml:26:22-94
29    <!-- <uses-sdk android:minSdkVersion="14"/> -->
30    <uses-permission android:name="android.permission.ACCESS_NETWORK_STATE" />
30-->[com.google.android.datatransport:transport-backend-cct:2.3.3] AndroidManifest.xml:25:5-79
30-->[com.google.android.datatransport:transport-backend-cct:2.3.3] AndroidManifest.xml:25:22-76
31
32    <application
33        android:name="android.app.Application"
34        android:appComponentFactory="androidx.core.app.CoreComponentFactory"
34-->[androidx.core:core:1.9.0] AndroidManifest.xml:28:18-86
35        android:debuggable="true"
36        android:icon="@mipmap/ic_launcher"
37        android:label="fyp_calendar_2" >
38        <activity
39            android:name="com.example.fyp_calendar_2.MainActivity"
40            android:configChanges="orientation|keyboardHidden|keyboard|screenSize|smallestScreenSize|locale|layoutDirection|fontScale|screenLayout|density|uiMode"
41            android:exported="true"
42            android:hardwareAccelerated="true"
43            android:launchMode="singleTop"
44            android:theme="@style/LaunchTheme"
45            android:windowSoftInputMode="adjustResize" >
46
47            <!--
48                 Specifies an Android theme to apply to this Activity as soon as
49                 the Android process has started. This theme is visible to the user
50                 while the Flutter UI initializes. After that, this theme continues
51                 to determine the Window background behind the Flutter UI.
52            -->
53            <meta-data
54                android:name="io.flutter.embedding.android.NormalTheme"
55                android:resource="@style/NormalTheme" />
56
57            <intent-filter>
58                <action android:name="android.intent.action.MAIN" />
59
60                <category android:name="android.intent.category.LAUNCHER" />
61            </intent-filter>
62        </activity>
63        <!--
64             Don't delete the meta-data below.
65             This is used by the Flutter tool to generate GeneratedPluginRegistrant.java
66        -->
67        <meta-data
68            android:name="flutterEmbedding"
69            android:value="2" />
70
71        <provider
71-->[:image_picker_android] AndroidManifest.xml:10:9-18:20
72            android:name="io.flutter.plugins.imagepicker.ImagePickerFileProvider"
72-->[:image_picker_android] AndroidManifest.xml:11:13-82
73            android:authorities="com.example.fyp_calendar_2.flutter.image_provider"
73-->[:image_picker_android] AndroidManifest.xml:12:13-74
74            android:exported="false"
74-->[:image_picker_android] AndroidManifest.xml:13:13-37
75            android:grantUriPermissions="true" >
75-->[:image_picker_android] AndroidManifest.xml:14:13-47
76            <meta-data
76-->[:image_picker_android] AndroidManifest.xml:15:13-17:75
77                android:name="android.support.FILE_PROVIDER_PATHS"
77-->[:image_picker_android] AndroidManifest.xml:16:17-67
78                android:resource="@xml/flutter_image_picker_file_paths" />
78-->[:image_picker_android] AndroidManifest.xml:17:17-72
79        </provider>
80
81        <receiver
81-->[:flutter_local_notifications] AndroidManifest.xml:16:9-18:40
82            android:name="com.dexterous.flutterlocalnotifications.ActionBroadcastReceiver"
82-->[:flutter_local_notifications] AndroidManifest.xml:17:13-91
83            android:exported="false" />
83-->[:flutter_local_notifications] AndroidManifest.xml:18:13-37
84        <receiver
84-->[:flutter_local_notifications] AndroidManifest.xml:19:9-21:40
85            android:name="com.dexterous.flutterlocalnotifications.ScheduledNotificationReceiver"
85-->[:flutter_local_notifications] AndroidManifest.xml:20:13-97
86            android:exported="false" />
86-->[:flutter_local_notifications] AndroidManifest.xml:21:13-37
87        <receiver
87-->[:flutter_local_notifications] AndroidManifest.xml:22:9-31:20
88            android:name="com.dexterous.flutterlocalnotifications.ScheduledNotificationBootReceiver"
88-->[:flutter_local_notifications] AndroidManifest.xml:23:13-101
89            android:exported="false" >
89-->[:flutter_local_notifications] AndroidManifest.xml:24:13-37
90            <intent-filter>
90-->[:flutter_local_notifications] AndroidManifest.xml:25:13-30:29
91                <action android:name="android.intent.action.BOOT_COMPLETED" />
91-->[:flutter_local_notifications] AndroidManifest.xml:26:17-79
91-->[:flutter_local_notifications] AndroidManifest.xml:26:25-76
92                <action android:name="android.intent.action.MY_PACKAGE_REPLACED" />
92-->[:flutter_local_notifications] AndroidManifest.xml:27:17-84
92-->[:flutter_local_notifications] AndroidManifest.xml:27:25-81
93                <action android:name="android.intent.action.QUICKBOOT_POWERON" />
93-->[:flutter_local_notifications] AndroidManifest.xml:28:17-82
93-->[:flutter_local_notifications] AndroidManifest.xml:28:25-79
94                <action android:name="com.htc.intent.action.QUICKBOOT_POWERON" />
94-->[:flutter_local_notifications] AndroidManifest.xml:29:17-82
94-->[:flutter_local_notifications] AndroidManifest.xml:29:25-79
95            </intent-filter>
96        </receiver>
97
98        <service
98-->[com.google.android.gms:play-services-mlkit-text-recognition-common:18.0.0] AndroidManifest.xml:9:9-15:19
99            android:name="com.google.mlkit.common.internal.MlKitComponentDiscoveryService"
99-->[com.google.android.gms:play-services-mlkit-text-recognition-common:18.0.0] AndroidManifest.xml:10:13-91
100            android:directBootAware="true"
100-->[com.google.mlkit:common:18.5.0] AndroidManifest.xml:17:13-43
101            android:exported="false" >
101-->[com.google.android.gms:play-services-mlkit-text-recognition-common:18.0.0] AndroidManifest.xml:11:13-37
102            <meta-data
102-->[com.google.android.gms:play-services-mlkit-text-recognition-common:18.0.0] AndroidManifest.xml:12:13-14:85
103                android:name="com.google.firebase.components:com.google.mlkit.vision.text.internal.TextRegistrar"
103-->[com.google.android.gms:play-services-mlkit-text-recognition-common:18.0.0] AndroidManifest.xml:13:17-114
104                android:value="com.google.firebase.components.ComponentRegistrar" />
104-->[com.google.android.gms:play-services-mlkit-text-recognition-common:18.0.0] AndroidManifest.xml:14:17-82
105            <meta-data
105-->[com.google.mlkit:vision-common:17.2.1] AndroidManifest.xml:12:13-14:85
106                android:name="com.google.firebase.components:com.google.mlkit.vision.common.internal.VisionCommonRegistrar"
106-->[com.google.mlkit:vision-common:17.2.1] AndroidManifest.xml:13:17-124
107                android:value="com.google.firebase.components.ComponentRegistrar" />
107-->[com.google.mlkit:vision-common:17.2.1] AndroidManifest.xml:14:17-82
108            <meta-data
108-->[com.google.mlkit:common:18.5.0] AndroidManifest.xml:20:13-22:85
109                android:name="com.google.firebase.components:com.google.mlkit.common.internal.CommonComponentRegistrar"
109-->[com.google.mlkit:common:18.5.0] AndroidManifest.xml:21:17-120
110                android:value="com.google.firebase.components.ComponentRegistrar" />
110-->[com.google.mlkit:common:18.5.0] AndroidManifest.xml:22:17-82
111        </service>
112
113        <provider
113-->[com.google.mlkit:common:18.5.0] AndroidManifest.xml:9:9-13:38
114            android:name="com.google.mlkit.common.internal.MlKitInitProvider"
114-->[com.google.mlkit:common:18.5.0] AndroidManifest.xml:10:13-78
115            android:authorities="com.example.fyp_calendar_2.mlkitinitprovider"
115-->[com.google.mlkit:common:18.5.0] AndroidManifest.xml:11:13-69
116            android:exported="false"
116-->[com.google.mlkit:common:18.5.0] AndroidManifest.xml:12:13-37
117            android:initOrder="99" />
117-->[com.google.mlkit:common:18.5.0] AndroidManifest.xml:13:13-35
118
119        <activity
119-->[com.google.android.gms:play-services-base:18.1.0] AndroidManifest.xml:20:9-22:45
120            android:name="com.google.android.gms.common.api.GoogleApiActivity"
120-->[com.google.android.gms:play-services-base:18.1.0] AndroidManifest.xml:20:19-85
121            android:exported="false"
121-->[com.google.android.gms:play-services-base:18.1.0] AndroidManifest.xml:22:19-43
122            android:theme="@android:style/Theme.Translucent.NoTitleBar" />
122-->[com.google.android.gms:play-services-base:18.1.0] AndroidManifest.xml:21:19-78
123
124        <meta-data
124-->[com.google.android.gms:play-services-basement:18.1.0] AndroidManifest.xml:21:9-23:69
125            android:name="com.google.android.gms.version"
125-->[com.google.android.gms:play-services-basement:18.1.0] AndroidManifest.xml:22:13-58
126            android:value="@integer/google_play_services_version" />
126-->[com.google.android.gms:play-services-basement:18.1.0] AndroidManifest.xml:23:13-66
127
128        <uses-library
128-->[androidx.window:window:1.0.0-beta04] AndroidManifest.xml:25:9-27:40
129            android:name="androidx.window.extensions"
129-->[androidx.window:window:1.0.0-beta04] AndroidManifest.xml:26:13-54
130            android:required="false" />
130-->[androidx.window:window:1.0.0-beta04] AndroidManifest.xml:27:13-37
131        <uses-library
131-->[androidx.window:window:1.0.0-beta04] AndroidManifest.xml:28:9-30:40
132            android:name="androidx.window.sidecar"
132-->[androidx.window:window:1.0.0-beta04] AndroidManifest.xml:29:13-51
133            android:required="false" />
133-->[androidx.window:window:1.0.0-beta04] AndroidManifest.xml:30:13-37
134
135        <service
135-->[com.google.android.datatransport:transport-backend-cct:2.3.3] AndroidManifest.xml:29:9-35:19
136            android:name="com.google.android.datatransport.runtime.backends.TransportBackendDiscovery"
136-->[com.google.android.datatransport:transport-backend-cct:2.3.3] AndroidManifest.xml:30:13-103
137            android:exported="false" >
137-->[com.google.android.datatransport:transport-backend-cct:2.3.3] AndroidManifest.xml:31:13-37
138            <meta-data
138-->[com.google.android.datatransport:transport-backend-cct:2.3.3] AndroidManifest.xml:32:13-34:39
139                android:name="backend:com.google.android.datatransport.cct.CctBackendFactory"
139-->[com.google.android.datatransport:transport-backend-cct:2.3.3] AndroidManifest.xml:33:17-94
140                android:value="cct" />
140-->[com.google.android.datatransport:transport-backend-cct:2.3.3] AndroidManifest.xml:34:17-36
141        </service>
142        <service
142-->[com.google.android.datatransport:transport-runtime:2.2.6] AndroidManifest.xml:26:9-30:19
143            android:name="com.google.android.datatransport.runtime.scheduling.jobscheduling.JobInfoSchedulerService"
143-->[com.google.android.datatransport:transport-runtime:2.2.6] AndroidManifest.xml:27:13-117
144            android:exported="false"
144-->[com.google.android.datatransport:transport-runtime:2.2.6] AndroidManifest.xml:28:13-37
145            android:permission="android.permission.BIND_JOB_SERVICE" >
145-->[com.google.android.datatransport:transport-runtime:2.2.6] AndroidManifest.xml:29:13-69
146        </service>
147
148        <receiver
148-->[com.google.android.datatransport:transport-runtime:2.2.6] AndroidManifest.xml:32:9-34:40
149            android:name="com.google.android.datatransport.runtime.scheduling.jobscheduling.AlarmManagerSchedulerBroadcastReceiver"
149-->[com.google.android.datatransport:transport-runtime:2.2.6] AndroidManifest.xml:33:13-132
150            android:exported="false" />
150-->[com.google.android.datatransport:transport-runtime:2.2.6] AndroidManifest.xml:34:13-37
151    </application>
152
153</manifest>